   Compiling proc-macro2 v1.0.95
   Compiling unicode-ident v1.0.18
   Compiling serde v1.0.219
   Compiling autocfg v1.5.0
   Compiling cfg-if v1.0.1
   Compiling libc v0.2.174
   Compiling zerocopy v0.8.26
   Compiling crossbeam-utils v0.8.21
   Compiling version_check v0.9.5
   Compiling typenum v1.18.0
   Compiling rayon-core v1.12.1
   Compiling syn v1.0.109
   Compiling once_cell v1.21.3
   Compiling shlex v1.3.0
   Compiling subtle v2.6.1
   Compiling either v1.15.0
   Compiling pin-project-lite v0.2.16
   Compiling radium v0.7.0
   Compiling rustversion v1.0.21
   Compiling allocator-api2 v0.2.21
   Compiling foldhash v0.1.5
   Compiling equivalent v1.0.2
   Compiling const-oid v0.9.6
   Compiling memchr v2.7.5
   Compiling log v0.4.27
   Compiling itoa v1.0.15
   Compiling heck v0.5.0
   Compiling winnow v0.7.12
   Compiling toml_write v0.1.2
   Compiling cpufeatures v0.2.17
   Compiling cc v1.2.30
   Compiling tracing-core v0.1.34
   Compiling itertools v0.12.1
   Compiling spin v0.9.8
   Compiling arrayvec v0.7.6
   Compiling constant_time_eq v0.3.1
   Compiling generic-array v0.14.7
   Compiling ahash v0.8.12
   Compiling arrayref v0.3.9
   Compiling num-traits v0.2.19
   Compiling num-bigint v0.3.3
   Compiling lazy_static v1.5.0
   Compiling paste v1.0.15
   Compiling bitflags v2.9.1
   Compiling hashbrown v0.15.4
   Compiling getrandom v0.3.3
   Compiling ryu v1.0.20
   Compiling rustix v1.0.8
   Compiling smallvec v1.15.1
   Compiling gcd v2.3.0
   Compiling hex v0.4.3
   Compiling thiserror v1.0.69
   Compiling glob v0.3.2
   Compiling utf8parse v0.2.2
   Compiling itertools v0.13.0
   Compiling colorchoice v1.0.4
   Compiling anstyle-query v1.1.3
   Compiling unicode-xid v0.2.6
   Compiling anstyle-parse v0.2.7
   Compiling is_terminal_polyfill v1.70.1
   Compiling serde_json v1.0.141
   Compiling anstyle v1.0.11
   Compiling lock_api v0.4.13
   Compiling strsim v0.11.1
   Compiling quote v1.0.40
   Compiling clap_lex v0.7.5
   Compiling heck v0.4.1
   Compiling crossbeam-epoch v0.9.18
   Compiling parking_lot_core v0.9.11
   Compiling tap v1.0.1
   Compiling anstream v0.6.19
   Compiling syn v2.0.104
   Compiling static_assertions v1.1.0
   Compiling linux-raw-sys v0.9.4
   Compiling wyz v0.5.1
   Compiling indexmap v2.10.0
   Compiling fastrand v2.3.0
   Compiling cbindgen v0.27.0
   Compiling funty v2.0.0
   Compiling crossbeam-deque v0.8.6
   Compiling clap_builder v4.5.41
   Compiling getrandom v0.2.16
   Compiling parity-scale-codec v3.7.5
   Compiling const_format_proc_macros v0.2.34
   Compiling futures-core v0.3.31
   Compiling pathdiff v0.2.3
   Compiling crunchy v0.2.4
   Compiling httparse v1.10.1
   Compiling rand_core v0.6.4
   Compiling num-modular v0.6.1
   Compiling tiny-keccak v2.0.2
   Compiling icu_normalizer_data v2.0.0
   Compiling dashu-base v0.4.1
   Compiling icu_properties_data v2.0.1
   Compiling winnow v0.5.40
   Compiling stable_deref_trait v1.2.0
   Compiling num-integer v0.1.46
   Compiling bitvec v1.0.1
   Compiling scopeguard v1.2.0
   Compiling range-set-blaze v0.1.16
   Compiling blake3 v1.8.2
   Compiling ring v0.17.14
   Compiling regex-syntax v0.8.5
   Compiling eyre v0.6.12
   Compiling num-bigint v0.4.6
   Compiling rayon v1.10.0
   Compiling futures-sink v0.3.31
   Compiling bytes v1.10.1
   Compiling byteorder v1.5.0
   Compiling base64ct v1.8.0
   Compiling num-order v1.2.0
   Compiling futures-channel v0.3.31
   Compiling futures-task v0.3.31
   Compiling slab v0.4.10
   Compiling futures-io v0.3.31
   Compiling dashu-int v0.4.1
   Compiling object v0.36.7
   Compiling pem-rfc7468 v0.7.0
   Compiling pin-utils v0.1.0
   Compiling ppv-lite86 v0.2.21
   Compiling anyhow v1.0.98
   Compiling mio v1.0.4
   Compiling signal-hook-registry v1.4.5
   Compiling parking_lot v0.12.4
   Compiling socket2 v0.6.0
   Compiling base16ct v0.2.0
   Compiling litemap v0.8.0
   Compiling fnv v1.0.7
   Compiling writeable v0.6.1
   Compiling http v1.3.1
   Compiling rand_chacha v0.3.1
   Compiling clang-sys v1.8.1
   Compiling prettyplease v0.2.36
   Compiling tokio v1.47.0
   Compiling addchain v0.2.0
   Compiling untrusted v0.9.0
   Compiling minimal-lexical v0.2.1
   Compiling percent-encoding v2.3.1
   Compiling rand v0.8.5
   Compiling tempfile v3.20.0
   Compiling nom v7.1.3
   Compiling regex-automata v0.4.9
   Compiling libloading v0.8.8
   Compiling tower-service v0.3.3
   Compiling rustls v0.23.29
   Compiling try-lock v0.2.5
   Compiling bindgen v0.70.1
   Compiling want v0.3.1
   Compiling memuse v0.2.2
   Compiling rustc-hash v1.1.0
   Compiling form_urlencoded v1.2.1
   Compiling sync_wrapper v1.0.2
   Compiling http-body v1.0.1
   Compiling tower-layer v0.3.3
   Compiling ipnet v2.11.0
   Compiling utf8_iter v1.0.4
   Compiling base64 v0.22.1
   Compiling const_format v0.2.34
   Compiling regex-syntax v0.6.29
   Compiling byte-slice-cast v1.2.3
   Compiling iri-string v0.7.8
   Compiling p3-maybe-rayon v0.2.3-succinct
   Compiling sysinfo v0.30.13
   Compiling rayon-scan v0.1.1
   Compiling ff v0.12.1
   Compiling dashu-float v0.4.3
   Compiling http-body-util v0.1.3
   Compiling group v0.12.1
   Compiling blake2b_simd v1.0.3
   Compiling overload v0.1.1
   Compiling nu-ansi-term v0.46.0
   Compiling num-rational v0.4.2
   Compiling sharded-slab v0.1.7
   Compiling num-iter v0.1.45
   Compiling num-complex v0.4.6
   Compiling tracing-log v0.2.0
   Compiling regex v1.11.1
   Compiling cexpr v0.6.0
   Compiling dashu-ratio v0.4.1
   Compiling thread_local v1.1.9
   Compiling atomic-waker v1.1.2
   Compiling synstructure v0.13.2
   Compiling num v0.4.3
   Compiling pasta_curves v0.4.1
   Compiling pairing v0.22.0
   Compiling ark-std v0.4.0
   Compiling gen_ops v0.4.0
   Compiling downcast-rs v1.2.1
   Compiling semver v1.0.26
   Compiling regex-automata v0.1.10
   Compiling indenter v0.3.3
   Compiling camino v1.1.10
   Compiling httpdate v1.0.3
   Compiling dashu-macros v0.4.1
   Compiling bls12_381 v0.7.1
   Compiling halo2_proofs v0.1.0
   Compiling itertools v0.10.5
   Compiling ff_derive v0.13.1
   Compiling sp1-derive v5.1.0
   Compiling derivative v2.2.0
   Compiling subenum v1.1.2
   Compiling ark-ff-macros v0.4.2
   Compiling ark-ff-asm v0.4.2
   Compiling sp1-recursion-derive v5.1.0
   Compiling matchers v0.1.0
   Compiling gimli v0.31.1
   Compiling dashu v0.4.2
   Compiling elf v0.7.4
   Compiling serde_derive v1.0.219
   Compiling zeroize_derive v1.4.2
   Compiling tracing-attributes v0.1.30
   Compiling zerofrom-derive v0.1.6
   Compiling yoke-derive v0.8.0
   Compiling futures-macro v0.3.31
   Compiling zerovec-derive v0.11.1
   Compiling strum_macros v0.26.4
   Compiling displaydoc v0.2.5
   Compiling clap_derive v4.5.41
   Compiling thiserror-impl v1.0.69
   Compiling derive_more-impl v1.0.0
   Compiling impl-trait-for-tuples v0.2.3
   Compiling zeroize v1.8.1
   Compiling ff v0.13.1
   Compiling enum-map-derive v0.17.0
   Compiling der v0.7.10
   Compiling futures-util v0.3.31
   Compiling group v0.13.0
   Compiling block-buffer v0.10.4
   Compiling crypto-common v0.1.6
   Compiling tokio-macros v2.5.0
   Compiling digest v0.10.7
   Compiling tracing v0.1.41
   Compiling zerofrom v0.1.6
   Compiling sha2 v0.10.9
   Compiling crypto-bigint v0.5.5
   Compiling yoke v0.8.0
   Compiling rustls-pki-types v1.12.0
   Compiling hmac v0.12.1
   Compiling zerovec v0.11.2
   Compiling zerotrie v0.2.2
   Compiling signature v2.2.0
   Compiling rfc6979 v0.4.0
   Compiling rustls-webpki v0.103.4
   Compiling webpki-roots v1.0.2
   Compiling derive_more v1.0.0
   Compiling spki v0.7.3
   Compiling strum v0.26.3
   Compiling tracing-subscriber v0.3.19
   Compiling ark-serialize v0.4.2
   Compiling pkcs8 v0.10.2
   Compiling serial_test_derive v3.2.0
   Compiling nohash-hasher v0.2.0
   Compiling clap v4.5.41
   Compiling tinystr v0.8.1
   Compiling potential_utf v0.1.2
   Compiling sec1 v0.7.3
   Compiling icu_collections v2.0.0
   Compiling icu_locale_core v2.0.0
   Compiling ansi_term v0.12.1
   Compiling keccak v0.1.5
   Compiling bytemuck v1.23.1
   Compiling elliptic-curve v0.13.8
   Compiling adler2 v2.0.1
   Compiling icu_provider v2.0.0
   Compiling ecdsa v0.16.9
   Compiling primeorder v0.13.6
   Compiling miniz_oxide v0.8.9
   Compiling sha3 v0.10.8
   Compiling tracing-forest v0.1.6
   Compiling icu_properties v2.0.1
   Compiling icu_normalizer v2.0.0
   Compiling hyper v1.6.0
   Compiling tower v0.5.2
   Compiling futures-executor v0.3.31
   Compiling p256 v0.13.2
   Compiling k256 v0.13.4
   Compiling futures v0.3.31
   Compiling ark-ff v0.4.2
   Compiling halo2 v0.1.0-beta.2
   Compiling blake2 v0.10.6
   Compiling pasta_curves v0.5.1
   Compiling addr2line v0.24.2
   Compiling tower-http v0.6.6
   Compiling jubjub v0.9.0
   Compiling num_cpus v1.17.0
   Compiling web-time v1.1.0
   Compiling size v0.4.1
   Compiling rustc-demangle v0.1.26
   Compiling hyper-util v0.1.16
   Compiling async-trait v0.1.88
   Compiling idna_adapter v1.2.1
   Compiling sp1-recursion-gnark-ffi v5.1.0
   Compiling idna v1.0.3
   Compiling powerfmt v0.2.0
   Compiling deranged v0.4.0
   Compiling itertools v0.14.0
   Compiling option-ext v0.2.0
   Compiling sdd v3.0.10
   Compiling time-core v0.1.4
   Compiling url v2.5.4
   Compiling cfg_aliases v0.2.1
   Compiling mime v0.3.17
   Compiling num-conv v0.1.0
   Compiling scc v2.3.4
   Compiling nix v0.30.1
   Compiling dirs-sys v0.4.1
   Compiling time v0.3.41
   Compiling macro-string v0.1.4
   Compiling syn-solidity v1.3.0
   Compiling link-cplusplus v1.0.10
   Compiling proc-macro-error-attr2 v2.0.0
   Compiling crossbeam-channel v0.5.15
   Compiling toml_datetime v0.6.11
   Compiling p3-util v0.2.3-succinct
   Compiling serde_spanned v0.6.9
   Compiling bincode v1.3.3
   Compiling hashbrown v0.14.5
   Compiling p3-field v0.2.3-succinct
   Compiling toml_edit v0.22.27
   Compiling toml_edit v0.19.15
   Compiling tokio-rustls v0.26.2
   Compiling serde_urlencoded v0.7.1
   Compiling generic-array v1.1.0
   Compiling serdect v0.2.0
   Compiling p3-matrix v0.2.3-succinct
   Compiling p3-symmetric v0.2.3-succinct
   Compiling hyper-rustls v0.27.7
   Compiling p3-challenger v0.2.3-succinct
   Compiling reqwest v0.12.22
   Compiling p3-dft v0.2.3-succinct
   Compiling p3-air v0.2.3-succinct
   Compiling p3-interpolation v0.2.3-succinct
   Compiling enum-map v2.7.3
   Compiling vec_map v0.8.2
   Compiling p3-mds v0.2.3-succinct
   Compiling p3-commit v0.2.3-succinct
   Compiling p3-poseidon2 v0.2.3-succinct
   Compiling p3-fri v0.2.3-succinct
   Compiling p3-uni-stark v0.2.3-succinct
   Compiling p3-merkle-tree v0.2.3-succinct
   Compiling p3-baby-bear v0.2.3-succinct
   Compiling p3-keccak-air v0.2.3-succinct
   Compiling sp1-primitives v5.1.0
   Compiling p3-bn254-fr v0.2.3-succinct
   Compiling backtrace v0.3.75
   Compiling prost-derive v0.13.5
   Compiling serde_path_to_error v0.1.17
   Compiling sp1-stark v5.1.0
   Compiling proc-macro-crate v1.3.1
   Compiling toml v0.8.23
   Compiling proc-macro-crate v3.3.0
   Compiling downloader v0.2.8
   Compiling axum-core v0.4.5
   Compiling indexmap v1.9.3
   Compiling const-hex v1.14.1
   Compiling num_enum_derive v0.5.11
   Compiling scratch v1.0.8
   Compiling dunce v1.0.5
   Compiling matchit v0.7.3
   Compiling alloy-sol-macro-input v1.3.0
   Compiling tracing-appender v0.2.3
   Compiling serial_test v3.2.0
   Compiling proc-macro-error2 v2.0.1
   Compiling parity-scale-codec-derive v3.7.5
   Compiling scale-info-derive v2.11.6
   Compiling sp1-prover v5.1.0
   Compiling zkhash v0.2.0
   Compiling cargo-platform v0.1.9
   Compiling dirs v5.0.1
   Compiling derive_more-impl v2.0.1
   Compiling pin-project-internal v1.1.10
   Compiling lru v0.12.5
   Compiling prost v0.13.5
   Compiling termcolor v1.4.1
   Compiling cxxbridge-flags v1.0.161
   Compiling iana-time-zone v0.1.63
   Compiling base64 v0.13.1
   Compiling hashbrown v0.12.3
   Compiling unicode-width v0.1.14
   Compiling ruint-macro v1.2.1
   Compiling portable-atomic v1.11.1
   Compiling unicode-width v0.2.1
   Compiling chrono v0.4.41
   Compiling cxx v1.0.161
   Compiling svgbobdoc v0.3.0
   Compiling ruint v1.15.0
   Compiling codespan-reporting v0.12.0
   Compiling cargo_metadata v0.18.1
   Compiling num_enum v0.5.11
   Compiling rrs-succinct v0.1.0
   Compiling alloy-sol-macro-expander v1.3.0
   Compiling async-stream-impl v0.3.6
   Compiling const-default v1.0.0
   Compiling openssl-probe v0.1.6
   Compiling sp1-cuda v5.1.0
   Compiling rustls-native-certs v0.8.1
   Compiling console v0.15.11
   Compiling rlsf v0.2.1
   Compiling cxx-build v1.0.161
   Compiling pin-project v1.1.10
   Compiling rustls-pemfile v2.2.0
   Compiling socket2 v0.5.10
   Compiling instant v0.1.13
   Compiling linked_list_allocator v0.10.5
   Compiling sp1-sdk v5.1.0
   Compiling number_prefix v0.4.0
   Compiling libm v0.2.15
   Compiling critical-section v1.2.0
   Compiling cxxbridge-macro v1.0.161
   Compiling dotenv v0.15.0
   Compiling embedded-alloc v0.6.0
   Compiling async-stream v0.3.6
   Compiling sp1-zkvm v5.1.0
   Compiling indicatif v0.17.11
   Compiling ctrlc v3.4.7
   Compiling scale-info v2.11.6
   Compiling sp1-core-machine v5.1.0
   Compiling sp1-recursion-core v5.1.0
   Compiling tokio-util v0.7.15
   Compiling tokio-stream v0.1.17
   Compiling backoff v0.4.0
   Compiling snowbridge-amcl v1.0.2
   Compiling h2 v0.4.11
   Compiling derive_more v2.0.1
   Compiling tower v0.4.13
   Compiling alloy-primitives v1.3.0
   Compiling alloy-sol-macro v1.3.0
   Compiling eventsource-stream v0.2.3
   Compiling sp1-curves v5.1.0
   Compiling alloy-sol-types v1.3.0
   Compiling sp1-core-executor v5.1.0
   Compiling axum v0.7.9
   Compiling hyper-timeout v0.5.2
   Compiling reqwest-middleware v0.3.3
   Compiling sp1-recursion-compiler v5.1.0
   Compiling twirp-rs v0.13.0-succinct
   Compiling tonic v0.12.3
   Compiling sp1-recursion-circuit v5.1.0
   Compiling sp1-build v5.1.0
   Compiling silk_st-script v0.1.0 (/home/som/Documents/code/cppsp1explorations/silk_st_sp1/script)
warning: silk_st-script@0.1.0: rustc +succinct --version: "rustc 1.88.0-dev\n"
warning: silk_st-script@0.1.0: silk-rust-state_transition built at 2025-08-02 19:52:02
warning: unused import: `alloy_sol_types::SolType`
  --> script/src/bin/main.rs:13:5
   |
13 | use alloy_sol_types::SolType;
   |     ^^^^^^^^^^^^^^^^^^^^^^^^
   |
   = note: `#[warn(unused_imports)]` on by default

warning: unused import: `Prover`
  --> script/src/bin/main.rs:16:28
   |
16 | use sp1_sdk::{include_elf, Prover, ProverClient, SP1Stdin};
   |                            ^^^^^^

warning: unused variable: `output`
  --> script/src/bin/main.rs:57:18
   |
57 |         let (mut output, report) = client.execute(SILK_ST_ELF, &stdin).run().unwrap();
   |                  ^^^^^^ help: if this is intentional, prefix it with an underscore: `_output`
   |
   = note: `#[warn(unused_variables)]` on by default

warning: variable does not need to be mutable
  --> script/src/bin/main.rs:57:14
   |
57 |         let (mut output, report) = client.execute(SILK_ST_ELF, &stdin).run().unwrap();
   |              ----^^^^^^
   |              |
   |              help: remove this `mut`
   |
   = note: `#[warn(unused_mut)]` on by default

warning: `silk_st-script` (bin "silk_st") generated 4 warnings (run `cargo fix --bin "silk_st"` to apply 2 suggestions)
    Finished `release` profile [optimized] target(s) in 1m 03s
     Running `/home/som/Documents/code/cppsp1explorations/silk_st_sp1/target/release/silk_st --prove`
[2m2025-08-02T15:52:03.948878Z[0m [33m WARN[0m SP1_PROVER environment variable not set, defaulting to 'cpu'
n: 20
[2m2025-08-02T15:52:06.793007Z[0m [32m INFO[0m [1mprove_core[0m: clk = 0 pc = 0x3716fc
[2m2025-08-02T15:52:06.820066Z[0m [33m WARN[0m [1mprove_core[0m: Not all input bytes were read.
[2m2025-08-02T15:52:06.845455Z[0m [32m INFO[0m [1mprove_core[0m: clk = 0 pc = 0x3716fc
[2m2025-08-02T15:52:07.022910Z[0m [33m WARN[0m [1mprove_core[0m: Not all input bytes were read.
[2m2025-08-02T15:52:07.655194Z[0m [32m INFO[0m [1mprove_core[0m:[1mgenerate main traces[0m: close [3mtime.busy[0m[2m=[0m544ms [3mtime.idle[0m[2m=[0m2.16µs [2m[3mindex[0m[2m=[0m0[0m
[2m2025-08-02T15:52:51.207596Z[0m [32m INFO[0m [1mprove_core[0m: close [3mtime.busy[0m[2m=[0m43.6s [3mtime.idle[0m[2m=[0m846ms
Successfully generated proof!
[2m2025-08-02T15:52:51.425390Z[0m [32m INFO[0m [1mverify[0m: close [3mtime.busy[0m[2m=[0m215ms [3mtime.idle[0m[2m=[0m791ns
Successfully verified proof!
